# JRE version: OpenJDK Runtime Environment (8.0_202-b03) (build 1.8.0_202-release-1483-b03)
# Java VM: OpenJDK 64-Bit Server VM (25.202-b03 mixed mode windows-amd64 compressed oops)
Heap:
 PSYoungGen      total 259584K, used 236900K [0x00000000e0000000, 0x00000000f2880000, 0x0000000100000000)
  eden space 233472K, 90% used [0x00000000e0000000,0x00000000ecdde0c0,0x00000000ee400000)
  from space 26112K, 99% used [0x00000000f0f00000,0x00000000f287af80,0x00000000f2880000)
  to   space 33792K, 0% used [0x00000000ee680000,0x00000000ee680000,0x00000000f0780000)
 ParOldGen       total 141312K, used 70603K [0x00000000a0000000, 0x00000000a8a00000, 0x00000000e0000000)
  object space 141312K, 49% used [0x00000000a0000000,0x00000000a44f2d20,0x00000000a8a00000)
 Metaspace       used 89306K, capacity 96032K, committed 96256K, reserved 1132544K
  class space    used 11641K, capacity 12709K, committed 12800K, reserved 1048576K
GC Heap History (10 events):
Event: 27.018 GC heap before
{Heap before GC invocations=17 (full 3):
 PSYoungGen      total 195072K, used 193968K [0x00000000e0000000, 0x00000000efc80000, 0x0000000100000000)
  eden space 178176K, 100% used [0x00000000e0000000,0x00000000eae00000,0x00000000eae00000)
  from space 16896K, 93% used [0x00000000eae00000,0x00000000ebd6c320,0x00000000ebe80000)
  to   space 18432K, 0% used [0x00000000eea80000,0x00000000eea80000,0x00000000efc80000)
 ParOldGen       total 141312K, used 41983K [0x00000000a0000000, 0x00000000a8a00000, 0x00000000e0000000)
  object space 141312K, 29% used [0x00000000a0000000,0x00000000a28ffc68,0x00000000a8a00000)
 Metaspace       used 68453K, capacity 70634K, committed 70912K, reserved 1110016K
  class space    used 9207K, capacity 9697K, committed 9728K, reserved 1048576K
Event: 27.049 GC heap after
Heap after GC invocations=17 (full 3):
 PSYoungGen      total 233984K, used 18401K [0x00000000e0000000, 0x00000000f0580000, 0x0000000100000000)
  eden space 215552K, 0% used [0x00000000e0000000,0x00000000e0000000,0x00000000ed280000)
  from space 18432K, 99% used [0x00000000eea80000,0x00000000efc784c0,0x00000000efc80000)
  to   space 24576K, 0% used [0x00000000ed280000,0x00000000ed280000,0x00000000eea80000)
 ParOldGen       total 141312K, used 51784K [0x00000000a0000000, 0x00000000a8a00000, 0x00000000e0000000)
  object space 141312K, 36% used [0x00000000a0000000,0x00000000a3292358,0x00000000a8a00000)
 Metaspace       used 68453K, capacity 70634K, committed 70912K, reserved 1110016K
  class space    used 9207K, capacity 9697K, committed 9728K, reserved 1048576K
}
Event: 37.674 GC heap before
{Heap before GC invocations=18 (full 3):
 PSYoungGen      total 233984K, used 233953K [0x00000000e0000000, 0x00000000f0580000, 0x0000000100000000)
  eden space 215552K, 100% used [0x00000000e0000000,0x00000000ed280000,0x00000000ed280000)
  from space 18432K, 99% used [0x00000000eea80000,0x00000000efc784c0,0x00000000efc80000)
  to   space 24576K, 0% used [0x00000000ed280000,0x00000000ed280000,0x00000000eea80000)
 ParOldGen       total 141312K, used 51784K [0x00000000a0000000, 0x00000000a8a00000, 0x00000000e0000000)
  object space 141312K, 36% used [0x00000000a0000000,0x00000000a3292358,0x00000000a8a00000)
 Metaspace       used 76956K, capacity 80272K, committed 80512K, reserved 1118208K
  class space    used 10132K, capacity 10768K, committed 10880K, reserved 1048576K
Event: 37.719 GC heap after
Heap after GC invocations=18 (full 3):
 PSYoungGen      total 240128K, used 15714K [0x00000000e0000000, 0x00000000f2d00000, 0x0000000100000000)
  eden space 215552K, 0% used [0x00000000e0000000,0x00000000e0000000,0x00000000ed280000)
  from space 24576K, 63% used [0x00000000ed280000,0x00000000ee1d8ab8,0x00000000eea80000)
  to   space 24576K, 0% used [0x00000000f1500000,0x00000000f1500000,0x00000000f2d00000)
 ParOldGen       total 141312K, used 69487K [0x00000000a0000000, 0x00000000a8a00000, 0x00000000e0000000)
  object space 141312K, 49% used [0x00000000a0000000,0x00000000a43dbda0,0x00000000a8a00000)
 Metaspace       used 76956K, capacity 80272K, committed 80512K, reserved 1118208K
  class space    used 10132K, capacity 10768K, committed 10880K, reserved 1048576K
}
Event: 235.710 GC heap before
{Heap before GC invocations=19 (full 3):
 PSYoungGen      total 240128K, used 231266K [0x00000000e0000000, 0x00000000f2d00000, 0x0000000100000000)
  eden space 215552K, 100% used [0x00000000e0000000,0x00000000ed280000,0x00000000ed280000)
  from space 24576K, 63% used [0x00000000ed280000,0x00000000ee1d8ab8,0x00000000eea80000)
  to   space 24576K, 0% used [0x00000000f1500000,0x00000000f1500000,0x00000000f2d00000)
 ParOldGen       total 141312K, used 69495K [0x00000000a0000000, 0x00000000a8a00000, 0x00000000e0000000)
  object space 141312K, 49% used [0x00000000a0000000,0x00000000a43ddf20,0x00000000a8a00000)
 Metaspace       used 83198K, capacity 87176K, committed 87424K, reserved 1124352K
  class space    used 10865K, capacity 11630K, committed 11648K, reserved 1048576K
Event: 235.729 GC heap after
Heap after GC invocations=19 (full 3):
 PSYoungGen      total 275456K, used 23773K [0x00000000e0000000, 0x00000000f2c80000, 0x0000000100000000)
  eden space 251392K, 0% used [0x00000000e0000000,0x00000000e0000000,0x00000000ef580000)
  from space 24064K, 98% used [0x00000000f1500000,0x00000000f2c37680,0x00000000f2c80000)
  to   space 27648K, 0% used [0x00000000ef680000,0x00000000ef680000,0x00000000f1180000)
 ParOldGen       total 141312K, used 69503K [0x00000000a0000000, 0x00000000a8a00000, 0x00000000e0000000)
  object space 141312K, 49% used [0x00000000a0000000,0x00000000a43dff20,0x00000000a8a00000)
 Metaspace       used 83198K, capacity 87176K, committed 87424K, reserved 1124352K
  class space    used 10865K, capacity 11630K, committed 11648K, reserved 1048576K
}
Event: 304.141 GC heap before
{Heap before GC invocations=20 (full 3):
 PSYoungGen      total 275456K, used 275165K [0x00000000e0000000, 0x00000000f2c80000, 0x0000000100000000)
  eden space 251392K, 100% used [0x00000000e0000000,0x00000000ef580000,0x00000000ef580000)
  from space 24064K, 98% used [0x00000000f1500000,0x00000000f2c37680,0x00000000f2c80000)
  to   space 27648K, 0% used [0x00000000ef680000,0x00000000ef680000,0x00000000f1180000)
 ParOldGen       total 141312K, used 69530K [0x00000000a0000000, 0x00000000a8a00000, 0x00000000e0000000)
  object space 141312K, 49% used [0x00000000a0000000,0x00000000a43e6ba0,0x00000000a8a00000)
 Metaspace       used 85754K, capacity 90668K, committed 91008K, reserved 1128448K
  class space    used 11198K, capacity 12072K, committed 12160K, reserved 1048576K
Event: 304.169 GC heap after
Heap after GC invocations=20 (full 3):
 PSYoungGen      total 267264K, used 24675K [0x00000000e0000000, 0x00000000f2880000, 0x0000000100000000)
  eden space 242176K, 0% used [0x00000000e0000000,0x00000000e0000000,0x00000000eec80000)
  from space 25088K, 98% used [0x00000000ef680000,0x00000000f0e98f18,0x00000000f0f00000)
  to   space 26112K, 0% used [0x00000000f0f00000,0x00000000f0f00000,0x00000000f2880000)
 ParOldGen       total 141312K, used 69538K [0x00000000a0000000, 0x00000000a8a00000, 0x00000000e0000000)
  object space 141312K, 49% used [0x00000000a0000000,0x00000000a43e8ba0,0x00000000a8a00000)
 Metaspace       used 85754K, capacity 90668K, committed 91008K, reserved 1128448K
  class space    used 11198K, capacity 12072K, committed 12160K, reserved 1048576K
}
Event: 769.337 GC heap before
{Heap before GC invocations=21 (full 3):
 PSYoungGen      total 267264K, used 266851K [0x00000000e0000000, 0x00000000f2880000, 0x0000000100000000)
  eden space 242176K, 100% used [0x00000000e0000000,0x00000000eec80000,0x00000000eec80000)
  from space 25088K, 98% used [0x00000000ef680000,0x00000000f0e98f18,0x00000000f0f00000)
  to   space 26112K, 0% used [0x00000000f0f00000,0x00000000f0f00000,0x00000000f2880000)
 ParOldGen       total 141312K, used 69538K [0x00000000a0000000, 0x00000000a8a00000, 0x00000000e0000000)
  object space 141312K, 49% used [0x00000000a0000000,0x00000000a43e8ba0,0x00000000a8a00000)
 Metaspace       used 88100K, capacity 94014K, committed 94208K, reserved 1130496K
  class space    used 11488K, capacity 12467K, committed 12544K, reserved 1048576K
Event: 769.383 GC heap after
Heap after GC invocations=21 (full 3):
 PSYoungGen      total 259584K, used 26091K [0x00000000e0000000, 0x00000000f2880000, 0x0000000100000000)
  eden space 233472K, 0% used [0x00000000e0000000,0x00000000e0000000,0x00000000ee400000)
  from space 26112K, 99% used [0x00000000f0f00000,0x00000000f287af80,0x00000000f2880000)
  to   space 33792K, 0% used [0x00000000ee680000,0x00000000ee680000,0x00000000f0780000)
 ParOldGen       total 141312K, used 70603K [0x00000000a0000000, 0x00000000a8a00000, 0x00000000e0000000)
  object space 141312K, 49% used [0x00000000a0000000,0x00000000a44f2d20,0x00000000a8a00000)
 Metaspace       used 88100K, capacity 94014K, committed 94208K, reserved 1130496K
  class space    used 11488K, capacity 12467K, committed 12544K, reserved 1048576K
}

